2024-12-17 08:15:18 [INFO] Full package label constructed: 1A40C0300004395000021332
2024-12-17 08:15:18 [INFO] Requesting package details from: https://api-mo.metrc.com/packages/v2/1A40C0300004395000021332?licenseNumber=MAN000035
2024-12-17 08:15:18 [DEBUG] Starting new HTTPS connection (1): api-mo.metrc.com:443
2024-12-17 08:15:18 [DEBUG] https://api-mo.metrc.com:443 "GET /packages/v2/1A40C0300004395000021332?licenseNumber=MAN000035 HTTP/11" 401 0
2024-12-17 08:15:18 [ERROR] Request failed with exception: 401 Client Error: Unauthorized for url: https://api-mo.metrc.com/packages/v2/1A40C0300004395000021332?licenseNumber=MAN000035
2024-12-17 08:15:19 [DEBUG] Starting new HTTPS connection (1): api-mo.metrc.com:443
2024-12-17 08:15:19 [DEBUG] https://api-mo.metrc.com:443 "GET /packages/v2/1A40C0300004395000021332?licenseNumber=MAN000035 HTTP/11" 401 0
2024-12-17 08:15:19 [ERROR] Request failed with exception: 401 Client Error: Unauthorized for url: https://api-mo.metrc.com/packages/v2/1A40C0300004395000021332?licenseNumber=MAN000035
2024-12-17 08:15:21 [DEBUG] Starting new HTTPS connection (1): api-mo.metrc.com:443
2024-12-17 08:15:22 [DEBUG] https://api-mo.metrc.com:443 "GET /packages/v2/1A40C0300004395000021332?licenseNumber=MAN000035 HTTP/11" 401 0
2024-12-17 08:15:22 [ERROR] Request failed with exception: 401 Client Error: Unauthorized for url: https://api-mo.metrc.com/packages/v2/1A40C0300004395000021332?licenseNumber=MAN000035
2024-12-17 08:15:26 [DEBUG] Starting new HTTPS connection (1): api-mo.metrc.com:443
2024-12-17 08:15:26 [DEBUG] https://api-mo.metrc.com:443 "GET /packages/v2/1A40C0300004395000021332?licenseNumber=MAN000035 HTTP/11" 401 0
2024-12-17 08:15:26 [ERROR] Request failed with exception: 401 Client Error: Unauthorized for url: https://api-mo.metrc.com/packages/v2/1A40C0300004395000021332?licenseNumber=MAN000035
2024-12-17 08:15:34 [DEBUG] Starting new HTTPS connection (1): api-mo.metrc.com:443
2024-12-17 08:15:34 [DEBUG] https://api-mo.metrc.com:443 "GET /packages/v2/1A40C0300004395000021332?licenseNumber=MAN000035 HTTP/11" 401 0
2024-12-17 08:15:34 [ERROR] Request failed with exception: 401 Client Error: Unauthorized for url: https://api-mo.metrc.com/packages/v2/1A40C0300004395000021332?licenseNumber=MAN000035
2024-12-17 08:21:19 [INFO] Full package label constructed: 1A40C0300004395000021132
2024-12-17 08:21:19 [INFO] Requesting package details from: https://api-mo.metrc.com/packages/v2/1A40C0300004395000021132?licenseNumber=MAN000035
2024-12-17 08:21:19 [DEBUG] Starting new HTTPS connection (1): api-mo.metrc.com:443
2024-12-17 08:21:19 [DEBUG] https://api-mo.metrc.com:443 "GET /packages/v2/1A40C0300004395000021132?licenseNumber=MAN000035 HTTP/11" 200 None
2024-12-17 08:21:19 [DEBUG] Successful response received for packageLabel=1A40C0300004395000021132
2024-12-17 08:21:19 [DEBUG] Package Data JSON: {'Id': 6092767, 'Label': '1A40C0300004395000021132', 'PackageType': 'Product', 'SourceHarvestCount': 1, 'SourcePackageCount': 1, 'SourceProcessingJobCount': 0, 'SourceHarvestNames': 'Kush Mintz #10 Fresh Frozen 11/11/2024', 'SourcePackageLabels': '1A40C0300004395000020852', 'LocationId': 242401, 'LocationName': 'Lab Fridge', 'LocationTypeName': 'Default Location Type', 'Quantity': 706.0, 'UnitOfMeasureName': 'Each', 'UnitOfMeasureAbbreviation': 'ea', 'PatientLicenseNumber': '', 'ItemFromFacilityLicenseNumber': 'MAN000035', 'ItemFromFacilityName': 'Robust Missouri Process and Manufacturing 2, LLC', 'Note': '', 'PackagedDate': '2024-12-11', 'ExpirationDate': None, 'SellByDate': None, 'UseByDate': None, 'InitialLabTestingState': 'NotSubmitted', 'LabTestingState': 'TestPassed', 'LabTestingStateDate': '2024-12-15', 'LabTestingPerformedDate': '2024-12-15', 'LabTestResultExpirationDateTime': None, 'LabTestingRecordedDate': '2024-12-15T18:13:27+00:00', 'IsProductionBatch': True, 'ProductionBatchNumber': '12/11/2024', 'SourceProductionBatchNumbers': '', 'IsTradeSample': False, 'IsTradeSamplePersistent': False, 'SourcePackageIsTradeSample': False, 'IsDonation': False, 'IsDonationPersistent': False, 'SourcePackageIsDonation': False, 'IsTestingSample': False, 'IsProcessValidationTestingSample': False, 'ProductRequiresRemediation': False, 'ContainsRemediatedProduct': False, 'RemediationDate': None, 'ProductRequiresDecontamination': False, 'ContainsDecontaminatedProduct': False, 'DecontaminationDate': None, 'ReceivedDateTime': None, 'ReceivedFromManifestNumber': None, 'ReceivedFromFacilityLicenseNumber': None, 'ReceivedFromFacilityName': None, 'IsOnHold': False, 'IsOnRecall': False, 'ArchivedDate': None, 'IsFinished': False, 'FinishedDate': None, 'IsOnTrip': False, 'IsOnRetailerDelivery': False, 'PackageForProductDestruction': None, 'LastModified': '2024-12-15T18:13:27+00:00', 'Item': {'Id': 1633828, 'Name': 'M00001633828: Robust Rosin Cartridge - 0.5g Kush Mintz #10', 'GlobalProductName': None, 'ProductCategoryName': 'Vape Cartridge (Final Packaging)', 'ProductCategoryType': 'Concentrate', 'IsExpirationDateRequired': False, 'HasExpirationDate': False, 'IsSellByDateRequired': False, 'HasSellByDate': False, 'IsUseByDateRequired': False, 'HasUseByDate': False, 'QuantityType': 'CountBased', 'DefaultLabTestingState': 'NotSubmitted', 'UnitOfMeasureName': 'Each', 'ApprovalStatus': 'Approved', 'ApprovalStatusDateTime': '2024-09-06T16:50:01+00:00', 'StrainId': None, 'StrainName': None, 'ItemBrandId': 0, 'ItemBrandName': None, 'AdministrationMethod': 'Inhalation', 'UnitCbdPercent': None, 'UnitCbdContent': None, 'UnitCbdContentUnitOfMeasureName': None, 'UnitCbdContentDose': None, 'UnitCbdContentDoseUnitOfMeasureName': None, 'UnitThcPercent': None, 'UnitThcContent': None, 'UnitThcContentUnitOfMeasureName': None, 'UnitThcContentDose': None, 'UnitThcContentDoseUnitOfMeasureId': None, 'UnitThcContentDoseUnitOfMeasureName': None, 'UnitVolume': None, 'UnitVolumeUnitOfMeasureName': None, 'UnitWeight': 0.5, 'UnitWeightUnitOfMeasureName': 'Grams', 'ServingSize': '0.005', 'NumberOfDoses': 100, 'UnitQuantity': None, 'UnitQuantityUnitOfMeasureName': None, 'PublicIngredients': 'Ice Water Hash', 'Description': '', 'Allergens': '', 'ProductImages': [], 'ProductPhotoDescription': '', 'LabelImages': [], 'LabelPhotoDescription': '', 'PackagingImages': [], 'PackagingPhotoDescription': '', 'ProductPDFDocuments': [], 'IsUsed': True, 'LabTestBatchNames': [], 'ProcessingJobCategoryName': None, 'ProductBrandName': None}, 'ProductLabel': None}
2024-12-17 08:21:19 [DEBUG] Found packageId=6092767 for label=1A40C0300004395000021132
2024-12-17 08:21:19 [INFO] Requesting test results from: https://api-mo.metrc.com/labtests/v2/results?licenseNumber=MAN000035&packageId=6092767&pageNumber=1&pageSize=20
2024-12-17 08:21:19 [DEBUG] Starting new HTTPS connection (1): api-mo.metrc.com:443
2024-12-17 08:21:19 [DEBUG] https://api-mo.metrc.com:443 "GET /labtests/v2/results?licenseNumber=MAN000035&packageId=6092767&pageNumber=1&pageSize=20 HTTP/11" 200 None
2024-12-17 08:21:19 [INFO] Requesting test results from: https://api-mo.metrc.com/labtests/v2/results?licenseNumber=MAN000035&packageId=6092767&pageNumber=2&pageSize=20
2024-12-17 08:21:19 [DEBUG] Starting new HTTPS connection (1): api-mo.metrc.com:443
2024-12-17 08:21:19 [DEBUG] https://api-mo.metrc.com:443 "GET /labtests/v2/results?licenseNumber=MAN000035&packageId=6092767&pageNumber=2&pageSize=20 HTTP/11" 200 None
2024-12-17 08:21:19 [INFO] Requesting test results from: https://api-mo.metrc.com/labtests/v2/results?licenseNumber=MAN000035&packageId=6092767&pageNumber=3&pageSize=20
2024-12-17 08:21:19 [DEBUG] Starting new HTTPS connection (1): api-mo.metrc.com:443
2024-12-17 08:21:20 [DEBUG] https://api-mo.metrc.com:443 "GET /labtests/v2/results?licenseNumber=MAN000035&packageId=6092767&pageNumber=3&pageSize=20 HTTP/11" 200 None
2024-12-17 08:21:20 [INFO] Requesting test results from: https://api-mo.metrc.com/labtests/v2/results?licenseNumber=MAN000035&packageId=6092767&pageNumber=4&pageSize=20
2024-12-17 08:21:20 [DEBUG] Starting new HTTPS connection (1): api-mo.metrc.com:443
2024-12-17 08:21:20 [DEBUG] https://api-mo.metrc.com:443 "GET /labtests/v2/results?licenseNumber=MAN000035&packageId=6092767&pageNumber=4&pageSize=20 HTTP/11" 200 None
2024-12-17 08:21:20 [INFO] Requesting test results from: https://api-mo.metrc.com/labtests/v2/results?licenseNumber=MAN000035&packageId=6092767&pageNumber=5&pageSize=20
2024-12-17 08:21:20 [DEBUG] Starting new HTTPS connection (1): api-mo.metrc.com:443
2024-12-17 08:21:20 [DEBUG] https://api-mo.metrc.com:443 "GET /labtests/v2/results?licenseNumber=MAN000035&packageId=6092767&pageNumber=5&pageSize=20 HTTP/11" 200 None
2024-12-17 08:21:20 [INFO] Requesting test results from: https://api-mo.metrc.com/labtests/v2/results?licenseNumber=MAN000035&packageId=6092767&pageNumber=6&pageSize=20
2024-12-17 08:21:20 [DEBUG] Starting new HTTPS connection (1): api-mo.metrc.com:443
2024-12-17 08:21:21 [DEBUG] https://api-mo.metrc.com:443 "GET /labtests/v2/results?licenseNumber=MAN000035&packageId=6092767&pageNumber=6&pageSize=20 HTTP/11" 200 None
2024-12-17 08:21:21 [INFO] Requesting test results from: https://api-mo.metrc.com/labtests/v2/results?licenseNumber=MAN000035&packageId=6092767&pageNumber=7&pageSize=20
2024-12-17 08:21:21 [DEBUG] Starting new HTTPS connection (1): api-mo.metrc.com:443
2024-12-17 08:21:21 [DEBUG] https://api-mo.metrc.com:443 "GET /labtests/v2/results?licenseNumber=MAN000035&packageId=6092767&pageNumber=7&pageSize=20 HTTP/11" 200 None
2024-12-17 08:21:21 [INFO] Requesting test results from: https://api-mo.metrc.com/labtests/v2/results?licenseNumber=MAN000035&packageId=6092767&pageNumber=8&pageSize=20
2024-12-17 08:21:21 [DEBUG] Starting new HTTPS connection (1): api-mo.metrc.com:443
2024-12-17 08:21:21 [DEBUG] https://api-mo.metrc.com:443 "GET /labtests/v2/results?licenseNumber=MAN000035&packageId=6092767&pageNumber=8&pageSize=20 HTTP/11" 200 None
2024-12-17 08:21:21 [INFO] Total test results fetched: 144
2024-12-17 08:31:25 [INFO] Full package label constructed: 1A40C0300004395000021132
2024-12-17 08:31:25 [INFO] Requesting package details from: https://api-mo.metrc.com/packages/v2/1A40C0300004395000021132?licenseNumber=MAN000035
2024-12-17 08:31:25 [DEBUG] Starting new HTTPS connection (1): api-mo.metrc.com:443
2024-12-17 08:31:26 [DEBUG] https://api-mo.metrc.com:443 "GET /packages/v2/1A40C0300004395000021132?licenseNumber=MAN000035 HTTP/11" 200 None
2024-12-17 08:31:26 [DEBUG] Successful response received for packageLabel=1A40C0300004395000021132
2024-12-17 08:31:26 [DEBUG] Package Data JSON: {'Id': 6092767, 'Label': '1A40C0300004395000021132', 'PackageType': 'Product', 'SourceHarvestCount': 1, 'SourcePackageCount': 1, 'SourceProcessingJobCount': 0, 'SourceHarvestNames': 'Kush Mintz #10 Fresh Frozen 11/11/2024', 'SourcePackageLabels': '1A40C0300004395000020852', 'LocationId': 242401, 'LocationName': 'Lab Fridge', 'LocationTypeName': 'Default Location Type', 'Quantity': 706.0, 'UnitOfMeasureName': 'Each', 'UnitOfMeasureAbbreviation': 'ea', 'PatientLicenseNumber': '', 'ItemFromFacilityLicenseNumber': 'MAN000035', 'ItemFromFacilityName': 'Robust Missouri Process and Manufacturing 2, LLC', 'Note': '', 'PackagedDate': '2024-12-11', 'ExpirationDate': None, 'SellByDate': None, 'UseByDate': None, 'InitialLabTestingState': 'NotSubmitted', 'LabTestingState': 'TestPassed', 'LabTestingStateDate': '2024-12-15', 'LabTestingPerformedDate': '2024-12-15', 'LabTestResultExpirationDateTime': None, 'LabTestingRecordedDate': '2024-12-15T18:13:27+00:00', 'IsProductionBatch': True, 'ProductionBatchNumber': '12/11/2024', 'SourceProductionBatchNumbers': '', 'IsTradeSample': False, 'IsTradeSamplePersistent': False, 'SourcePackageIsTradeSample': False, 'IsDonation': False, 'IsDonationPersistent': False, 'SourcePackageIsDonation': False, 'IsTestingSample': False, 'IsProcessValidationTestingSample': False, 'ProductRequiresRemediation': False, 'ContainsRemediatedProduct': False, 'RemediationDate': None, 'ProductRequiresDecontamination': False, 'ContainsDecontaminatedProduct': False, 'DecontaminationDate': None, 'ReceivedDateTime': None, 'ReceivedFromManifestNumber': None, 'ReceivedFromFacilityLicenseNumber': None, 'ReceivedFromFacilityName': None, 'IsOnHold': False, 'IsOnRecall': False, 'ArchivedDate': None, 'IsFinished': False, 'FinishedDate': None, 'IsOnTrip': False, 'IsOnRetailerDelivery': False, 'PackageForProductDestruction': None, 'LastModified': '2024-12-15T18:13:27+00:00', 'Item': {'Id': 1633828, 'Name': 'M00001633828: Robust Rosin Cartridge - 0.5g Kush Mintz #10', 'GlobalProductName': None, 'ProductCategoryName': 'Vape Cartridge (Final Packaging)', 'ProductCategoryType': 'Concentrate', 'IsExpirationDateRequired': False, 'HasExpirationDate': False, 'IsSellByDateRequired': False, 'HasSellByDate': False, 'IsUseByDateRequired': False, 'HasUseByDate': False, 'QuantityType': 'CountBased', 'DefaultLabTestingState': 'NotSubmitted', 'UnitOfMeasureName': 'Each', 'ApprovalStatus': 'Approved', 'ApprovalStatusDateTime': '2024-09-06T16:50:01+00:00', 'StrainId': None, 'StrainName': None, 'ItemBrandId': 0, 'ItemBrandName': None, 'AdministrationMethod': 'Inhalation', 'UnitCbdPercent': None, 'UnitCbdContent': None, 'UnitCbdContentUnitOfMeasureName': None, 'UnitCbdContentDose': None, 'UnitCbdContentDoseUnitOfMeasureName': None, 'UnitThcPercent': None, 'UnitThcContent': None, 'UnitThcContentUnitOfMeasureName': None, 'UnitThcContentDose': None, 'UnitThcContentDoseUnitOfMeasureId': None, 'UnitThcContentDoseUnitOfMeasureName': None, 'UnitVolume': None, 'UnitVolumeUnitOfMeasureName': None, 'UnitWeight': 0.5, 'UnitWeightUnitOfMeasureName': 'Grams', 'ServingSize': '0.005', 'NumberOfDoses': 100, 'UnitQuantity': None, 'UnitQuantityUnitOfMeasureName': None, 'PublicIngredients': 'Ice Water Hash', 'Description': '', 'Allergens': '', 'ProductImages': [], 'ProductPhotoDescription': '', 'LabelImages': [], 'LabelPhotoDescription': '', 'PackagingImages': [], 'PackagingPhotoDescription': '', 'ProductPDFDocuments': [], 'IsUsed': True, 'LabTestBatchNames': [], 'ProcessingJobCategoryName': None, 'ProductBrandName': None}, 'ProductLabel': None}
2024-12-17 08:31:26 [DEBUG] Found packageId=6092767 for label=1A40C0300004395000021132
2024-12-17 08:31:26 [INFO] Requesting test results from: https://api-mo.metrc.com/labtests/v2/results?licenseNumber=MAN000035&packageId=6092767&pageNumber=1&pageSize=20
2024-12-17 08:31:26 [DEBUG] Starting new HTTPS connection (1): api-mo.metrc.com:443
2024-12-17 08:31:26 [DEBUG] https://api-mo.metrc.com:443 "GET /labtests/v2/results?licenseNumber=MAN000035&packageId=6092767&pageNumber=1&pageSize=20 HTTP/11" 200 None
2024-12-17 08:31:26 [INFO] Requesting test results from: https://api-mo.metrc.com/labtests/v2/results?licenseNumber=MAN000035&packageId=6092767&pageNumber=2&pageSize=20
2024-12-17 08:31:26 [DEBUG] Starting new HTTPS connection (1): api-mo.metrc.com:443
2024-12-17 08:31:26 [DEBUG] https://api-mo.metrc.com:443 "GET /labtests/v2/results?licenseNumber=MAN000035&packageId=6092767&pageNumber=2&pageSize=20 HTTP/11" 200 None
2024-12-17 08:31:26 [INFO] Requesting test results from: https://api-mo.metrc.com/labtests/v2/results?licenseNumber=MAN000035&packageId=6092767&pageNumber=3&pageSize=20
2024-12-17 08:31:26 [DEBUG] Starting new HTTPS connection (1): api-mo.metrc.com:443
2024-12-17 08:31:26 [DEBUG] https://api-mo.metrc.com:443 "GET /labtests/v2/results?licenseNumber=MAN000035&packageId=6092767&pageNumber=3&pageSize=20 HTTP/11" 200 None
2024-12-17 08:31:26 [INFO] Requesting test results from: https://api-mo.metrc.com/labtests/v2/results?licenseNumber=MAN000035&packageId=6092767&pageNumber=4&pageSize=20
2024-12-17 08:31:26 [DEBUG] Starting new HTTPS connection (1): api-mo.metrc.com:443
2024-12-17 08:31:26 [DEBUG] https://api-mo.metrc.com:443 "GET /labtests/v2/results?licenseNumber=MAN000035&packageId=6092767&pageNumber=4&pageSize=20 HTTP/11" 200 None
2024-12-17 08:31:26 [INFO] Requesting test results from: https://api-mo.metrc.com/labtests/v2/results?licenseNumber=MAN000035&packageId=6092767&pageNumber=5&pageSize=20
2024-12-17 08:31:26 [DEBUG] Starting new HTTPS connection (1): api-mo.metrc.com:443
2024-12-17 08:31:26 [DEBUG] https://api-mo.metrc.com:443 "GET /labtests/v2/results?licenseNumber=MAN000035&packageId=6092767&pageNumber=5&pageSize=20 HTTP/11" 200 None
2024-12-17 08:31:26 [INFO] Requesting test results from: https://api-mo.metrc.com/labtests/v2/results?licenseNumber=MAN000035&packageId=6092767&pageNumber=6&pageSize=20
2024-12-17 08:31:26 [DEBUG] Starting new HTTPS connection (1): api-mo.metrc.com:443
2024-12-17 08:31:27 [DEBUG] https://api-mo.metrc.com:443 "GET /labtests/v2/results?licenseNumber=MAN000035&packageId=6092767&pageNumber=6&pageSize=20 HTTP/11" 200 None
2024-12-17 08:31:27 [INFO] Requesting test results from: https://api-mo.metrc.com/labtests/v2/results?licenseNumber=MAN000035&packageId=6092767&pageNumber=7&pageSize=20
2024-12-17 08:31:27 [DEBUG] Starting new HTTPS connection (1): api-mo.metrc.com:443
2024-12-17 08:31:27 [DEBUG] https://api-mo.metrc.com:443 "GET /labtests/v2/results?licenseNumber=MAN000035&packageId=6092767&pageNumber=7&pageSize=20 HTTP/11" 200 None
2024-12-17 08:31:27 [INFO] Requesting test results from: https://api-mo.metrc.com/labtests/v2/results?licenseNumber=MAN000035&packageId=6092767&pageNumber=8&pageSize=20
2024-12-17 08:31:27 [DEBUG] Starting new HTTPS connection (1): api-mo.metrc.com:443
2024-12-17 08:31:27 [DEBUG] https://api-mo.metrc.com:443 "GET /labtests/v2/results?licenseNumber=MAN000035&packageId=6092767&pageNumber=8&pageSize=20 HTTP/11" 200 None
2024-12-17 08:31:27 [INFO] Total test results fetched: 144
2024-12-17 08:31:36 [INFO] Exported results to current_results.csv. Bartender can now use this file.
